# JRE version: Java(TM) SE Runtime Environment (8.0_191-b12) (build 1.8.0_191-b12)
# Java VM: Java HotSpot(TM) 64-Bit Server VM (25.191-b12 mixed mode windows-amd64 compressed oops)
Heap:
 PSYoungGen      total 685056K, used 603225K [0x00000000d5c00000, 0x0000000100000000, 0x0000000100000000)
  eden space 677888K, 88% used [0x00000000d5c00000,0x00000000fa2be618,0x00000000ff200000)
  from space 7168K, 90% used [0x00000000ff200000,0x00000000ff858000,0x00000000ff900000)
  to   space 7168K, 0% used [0x00000000ff900000,0x00000000ff900000,0x0000000100000000)
 ParOldGen       total 243712K, used 184268K [0x0000000081400000, 0x0000000090200000, 0x00000000d5c00000)
  object space 243712K, 75% used [0x0000000081400000,0x000000008c7f3078,0x0000000090200000)
 Metaspace       used 16908K, capacity 17098K, committed 17408K, reserved 1064960K
  class space    used 1925K, capacity 1955K, committed 2048K, reserved 1048576K
GC Heap History (10 events):
Event: 546.247 GC heap before
{Heap before GC invocations=345 (full 2):
 PSYoungGen      total 685056K, used 684192K [0x00000000d5c00000, 0x0000000100000000, 0x0000000100000000)
  eden space 677888K, 100% used [0x00000000d5c00000,0x00000000ff200000,0x00000000ff200000)
  from space 7168K, 87% used [0x00000000ff900000,0x00000000fff28000,0x0000000100000000)
  to   space 7168K, 0% used [0x00000000ff200000,0x00000000ff200000,0x00000000ff900000)
 ParOldGen       total 243712K, used 180900K [0x0000000081400000, 0x0000000090200000, 0x00000000d5c00000)
  object space 243712K, 74% used [0x0000000081400000,0x000000008c4a9078,0x0000000090200000)
 Metaspace       used 16908K, capacity 17098K, committed 17408K, reserved 1064960K
  class space    used 1925K, capacity 1955K, committed 2048K, reserved 1048576K
Event: 546.254 GC heap after
Heap after GC invocations=345 (full 2):
 PSYoungGen      total 685056K, used 6544K [0x00000000d5c00000, 0x0000000100000000, 0x0000000100000000)
  eden space 677888K, 0% used [0x00000000d5c00000,0x00000000d5c00000,0x00000000ff200000)
  from space 7168K, 91% used [0x00000000ff200000,0x00000000ff864020,0x00000000ff900000)
  to   space 7168K, 0% used [0x00000000ff900000,0x00000000ff900000,0x0000000100000000)
 ParOldGen       total 243712K, used 181260K [0x0000000081400000, 0x0000000090200000, 0x00000000d5c00000)
  object space 243712K, 74% used [0x0000000081400000,0x000000008c503078,0x0000000090200000)
 Metaspace       used 16908K, capacity 17098K, committed 17408K, reserved 1064960K
  class space    used 1925K, capacity 1955K, committed 2048K, reserved 1048576K
}
Event: 546.785 GC heap before
{Heap before GC invocations=346 (full 2):
 PSYoungGen      total 685056K, used 684432K [0x00000000d5c00000, 0x0000000100000000, 0x0000000100000000)
  eden space 677888K, 100% used [0x00000000d5c00000,0x00000000ff200000,0x00000000ff200000)
  from space 7168K, 91% used [0x00000000ff200000,0x00000000ff864020,0x00000000ff900000)
  to   space 7168K, 0% used [0x00000000ff900000,0x00000000ff900000,0x0000000100000000)
 ParOldGen       total 243712K, used 181260K [0x0000000081400000, 0x0000000090200000, 0x00000000d5c00000)
  object space 243712K, 74% used [0x0000000081400000,0x000000008c503078,0x0000000090200000)
 Metaspace       used 16908K, capacity 17098K, committed 17408K, reserved 1064960K
  class space    used 1925K, capacity 1955K, committed 2048K, reserved 1048576K
Event: 546.790 GC heap after
Heap after GC invocations=346 (full 2):
 PSYoungGen      total 685056K, used 6464K [0x00000000d5c00000, 0x0000000100000000, 0x0000000100000000)
  eden space 677888K, 0% used [0x00000000d5c00000,0x00000000d5c00000,0x00000000ff200000)
  from space 7168K, 90% used [0x00000000ff900000,0x00000000fff50000,0x0000000100000000)
  to   space 7168K, 0% used [0x00000000ff200000,0x00000000ff200000,0x00000000ff900000)
 ParOldGen       total 243712K, used 181620K [0x0000000081400000, 0x0000000090200000, 0x00000000d5c00000)
  object space 243712K, 74% used [0x0000000081400000,0x000000008c55d078,0x0000000090200000)
 Metaspace       used 16908K, capacity 17098K, committed 17408K, reserved 1064960K
  class space    used 1925K, capacity 1955K, committed 2048K, reserved 1048576K
}
Event: 547.692 GC heap before
{Heap before GC invocations=347 (full 2):
 PSYoungGen      total 685056K, used 684352K [0x00000000d5c00000, 0x0000000100000000, 0x0000000100000000)
  eden space 677888K, 100% used [0x00000000d5c00000,0x00000000ff200000,0x00000000ff200000)
  from space 7168K, 90% used [0x00000000ff900000,0x00000000fff50000,0x0000000100000000)
  to   space 7168K, 0% used [0x00000000ff200000,0x00000000ff200000,0x00000000ff900000)
 ParOldGen       total 243712K, used 181620K [0x0000000081400000, 0x0000000090200000, 0x00000000d5c00000)
  object space 243712K, 74% used [0x0000000081400000,0x000000008c55d078,0x0000000090200000)
 Metaspace       used 16908K, capacity 17098K, committed 17408K, reserved 1064960K
  class space    used 1925K, capacity 1955K, committed 2048K, reserved 1048576K
Event: 547.696 GC heap after
Heap after GC invocations=347 (full 2):
 PSYoungGen      total 685056K, used 6464K [0x00000000d5c00000, 0x0000000100000000, 0x0000000100000000)
  eden space 677888K, 0% used [0x00000000d5c00000,0x00000000d5c00000,0x00000000ff200000)
  from space 7168K, 90% used [0x00000000ff200000,0x00000000ff850000,0x00000000ff900000)
  to   space 7168K, 0% used [0x00000000ff900000,0x00000000ff900000,0x0000000100000000)
 ParOldGen       total 243712K, used 182036K [0x0000000081400000, 0x0000000090200000, 0x00000000d5c00000)
  object space 243712K, 74% used [0x0000000081400000,0x000000008c5c5078,0x0000000090200000)
 Metaspace       used 16908K, capacity 17098K, committed 17408K, reserved 1064960K
  class space    used 1925K, capacity 1955K, committed 2048K, reserved 1048576K
}
Event: 548.160 GC heap before
{Heap before GC invocations=348 (full 2):
 PSYoungGen      total 685056K, used 684352K [0x00000000d5c00000, 0x0000000100000000, 0x0000000100000000)
  eden space 677888K, 100% used [0x00000000d5c00000,0x00000000ff200000,0x00000000ff200000)
  from space 7168K, 90% used [0x00000000ff200000,0x00000000ff850000,0x00000000ff900000)
  to   space 7168K, 0% used [0x00000000ff900000,0x00000000ff900000,0x0000000100000000)
 ParOldGen       total 243712K, used 182036K [0x0000000081400000, 0x0000000090200000, 0x00000000d5c00000)
  object space 243712K, 74% used [0x0000000081400000,0x000000008c5c5078,0x0000000090200000)
 Metaspace       used 16908K, capacity 17098K, committed 17408K, reserved 1064960K
  class space    used 1925K, capacity 1955K, committed 2048K, reserved 1048576K
Event: 548.165 GC heap after
Heap after GC invocations=348 (full 2):
 PSYoungGen      total 685056K, used 6624K [0x00000000d5c00000, 0x0000000100000000, 0x0000000100000000)
  eden space 677888K, 0% used [0x00000000d5c00000,0x00000000d5c00000,0x00000000ff200000)
  from space 7168K, 92% used [0x00000000ff900000,0x00000000fff78060,0x0000000100000000)
  to   space 7168K, 0% used [0x00000000ff200000,0x00000000ff200000,0x00000000ff900000)
 ParOldGen       total 243712K, used 182420K [0x0000000081400000, 0x0000000090200000, 0x00000000d5c00000)
  object space 243712K, 74% used [0x0000000081400000,0x000000008c625078,0x0000000090200000)
 Metaspace       used 16908K, capacity 17098K, committed 17408K, reserved 1064960K
  class space    used 1925K, capacity 1955K, committed 2048K, reserved 1048576K
}
Event: 548.914 GC heap before
{Heap before GC invocations=349 (full 2):
 PSYoungGen      total 685056K, used 684512K [0x00000000d5c00000, 0x0000000100000000, 0x0000000100000000)
  eden space 677888K, 100% used [0x00000000d5c00000,0x00000000ff200000,0x00000000ff200000)
  from space 7168K, 92% used [0x00000000ff900000,0x00000000fff78060,0x0000000100000000)
  to   space 7168K, 0% used [0x00000000ff200000,0x00000000ff200000,0x00000000ff900000)
 ParOldGen       total 243712K, used 182420K [0x0000000081400000, 0x0000000090200000, 0x00000000d5c00000)
  object space 243712K, 74% used [0x0000000081400000,0x000000008c625078,0x0000000090200000)
 Metaspace       used 16908K, capacity 17098K, committed 17408K, reserved 1064960K
  class space    used 1925K, capacity 1955K, committed 2048K, reserved 1048576K
Event: 548.952 GC heap after
Heap after GC invocations=349 (full 2):
 PSYoungGen      total 685056K, used 6400K [0x00000000d5c00000, 0x0000000100000000, 0x0000000100000000)
  eden space 677888K, 0% used [0x00000000d5c00000,0x00000000d5c00000,0x00000000ff200000)
  from space 7168K, 89% used [0x00000000ff200000,0x00000000ff840000,0x00000000ff900000)
  to   space 7168K, 0% used [0x00000000ff900000,0x00000000ff900000,0x0000000100000000)
 ParOldGen       total 243712K, used 182772K [0x0000000081400000, 0x0000000090200000, 0x00000000d5c00000)
  object space 243712K, 74% used [0x0000000081400000,0x000000008c67d078,0x0000000090200000)
 Metaspace       used 16908K, capacity 17098K, committed 17408K, reserved 1064960K
  class space    used 1925K, capacity 1955K, committed 2048K, reserved 1048576K
}

